<?xml version="1.0" encoding="UTF-8"?>
<!-- Generated by org.testng.reporters.JUnitXMLReporter -->
<testsuite ignored="7" hostname="DESKTOP-LUU7922" failures="0" tests="58" name="Smoke Test" time="113.745" errors="0" timestamp="2023-10-26T16:30:21 EET">
  <testcase classname="testCases.LoginTest" name="LoginEmptyEmail" time="1.069"/>
  <testcase classname="testCases.LoginTest" name="LoginValidEmail" time="0.539"/>
  <testcase classname="testCases.LoginTest" name="LoginEmptyPassword" time="0.533"/>
  <testcase classname="testCases.LoginTest" name="LoginMinLengthPassword" time="0.534"/>
  <testcase classname="testCases.LoginTest" name="LoginWrongPassword" time="1.312"/>
  <testcase classname="testCases.LoginTest" name="LoginWrongEmail" time="1.215"/>
  <testcase classname="testCases.LoginTest" name="LoginHappyScienario" time="2.123"/>
  <testcase classname="testCases.RegistrationTest" name="RegisterEmptyFirstName" time="1.345"/>
  <testcase classname="testCases.RegistrationTest" name="RegisterMinFirstName" time="1.248"/>
  <testcase classname="testCases.RegistrationTest" name="RegisterMaxFirstName" time="1.429"/>
  <testcase classname="testCases.RegistrationTest" name="RegisterEmptyLastName" time="1.288"/>
  <testcase classname="testCases.RegistrationTest" name="RegisterMinLastName" time="1.204"/>
  <testcase classname="testCases.RegistrationTest" name="RegisterMaxLastName" time="1.452"/>
  <testcase classname="testCases.RegistrationTest" name="RegisterEmptyEmail" time="1.222"/>
  <testcase classname="testCases.RegistrationTest" name="RegisterValidEmail" time="1.235"/>
  <testcase classname="testCases.RegistrationTest" name="RegisterEmailLreadyExist" time="2.46"/>
  <testcase classname="testCases.RegistrationTest" name="RegisterEmptyPassword" time="1.501"/>
  <testcase classname="testCases.RegistrationTest" name="RegisterMinLengthPassword" time="1.396"/>
  <testcase classname="testCases.RegistrationTest" name="RegisterEmptyConfirmPassword" time="1.282"/>
  <testcase classname="testCases.RegistrationTest" name="RegisterMatchConfirmPassword" time="1.428"/>
  <testcase classname="testCases.RegistrationTest" name="RegisterHappyScinario" time="5.36"/>
  <testcase classname="testCases.MyAccountTest" name="EditProfileFirstNameMinLength" time="1.062"/>
  <testcase classname="testCases.MyAccountTest" name="EditProfileFirstNameMaxLength" time="1.415"/>
  <testcase classname="testCases.MyAccountTest" name="EditProfileLeaveFirstNameEmpty" time="0.658"/>
  <testcase classname="testCases.MyAccountTest" name="EditProfileLastNameMinLength" time="0.61"/>
  <testcase classname="testCases.MyAccountTest" name="EditProfileLastNameMaxLength" time="1.009"/>
  <testcase classname="testCases.MyAccountTest" name="EditProfileLeavelastNameEmpty" time="0.671"/>
  <testcase classname="testCases.MyAccountTest" name="EditProfileHappyScienario" time="0.772"/>
  <testcase classname="testCases.SearchCourseTest" name="EmptyCourseNameError" time="0.377"/>
  <testcase classname="testCases.SearchCourseTest" name="MinLengthCourseNameError" time="0.259"/>
  <testcase classname="testCases.SearchCourseTest" name="MaxLengthCourseNameError" time="0.42"/>
  <testcase classname="testCases.SearchCourseTest" name="NumbersOnlyCourseNameError" time="0.216"/>
  <testcase classname="testCases.SearchCourseTest" name="FirstCharNumberCourseNameError" time="0.219"/>
  <testcase classname="testCases.SearchCourseTest" name="SpecialCharNumberCourseNameError" time="0.235"/>
  <testcase classname="testCases.SearchCourseTest" name="SearchNewCourseHappyScienario" time="15.978"/>
  <testcase classname="testCases.ChangePasswordTest" name="ChangePasswordOldPasswordEmptyError" time="0.872"/>
  <testcase classname="testCases.ChangePasswordTest" name="ChangePasswordOldPasswordMinLengthError" time="0.837"/>
  <testcase classname="testCases.ChangePasswordTest" name="ChangePasswordOldPasswordNotMatchError" time="1.616"/>
  <testcase classname="testCases.ChangePasswordTest" name="ChangePasswordNewPasswordEmptyError" time="0.761"/>
  <testcase classname="testCases.ChangePasswordTest" name="ChangePasswordNewPasswordMinLengthError" time="0.846"/>
  <testcase classname="testCases.ChangePasswordTest" name="ChangePasswordConfirmNewPasswordEmptyError" time="0.766"/>
  <testcase classname="testCases.ChangePasswordTest" name="ChangePasswordConfirmNewPasswordMinLengthError" time="0.77"/>
  <testcase classname="testCases.ChangePasswordTest" name="ChangePasswordConfirmNewPasswordNotMatchError" time="0.831"/>
  <testcase classname="testCases.ChangePasswordTest" name="ChangePasswordCurrentPasswordSameNewPassword" time="1.645"/>
  <testcase classname="testCases.ChangePasswordTest" name="ChangePasswordHappyScienario" time="2.004"/>
  <testcase classname="testCases.ForgetPasswordEmailTest" name="ForgetPasswordEmptyEmial" time="0.413"/>
  <testcase classname="testCases.ForgetPasswordEmailTest" name="ForgetPasswordNotValidEmial" time="0.314"/>
  <testcase classname="testCases.ForgetPasswordEmailTest" name="ForgetPasswordNotRegisteredEmial" time="1.003"/>
  <testcase classname="testCases.ForgetPasswordEmailTest" name="ForgetPasswordHappyScinario" time="2.924"/>
  <testcase classname="testCases.ForgetPasswordOTPTest" name="ForgetPasswordEmptyOTPCode" time="1.708"/>
  <testcase classname="testCases.ForgetPasswordOTPTest" name="ForgetPasswordNotValidOTPCode" time="0.31"/>
  <testcase classname="testCases.ForgetPasswordOTPTest" name="ForgetPasswordWrongOTPCode" time="1.004"/>
  <testcase classname="testCases.ForgetPasswordOTPTest" name="ForgetPasswordHappyScinario" time="1.045"/>
  <testcase classname="testCases.ForgetPasswordResetPasswordTest" name="ForgetPasswordEmptyNewPassword" time="1.135"/>
  <testcase classname="testCases.ForgetPasswordResetPasswordTest" name="ForgetPasswordMinLengthNewPassword" time="0.45"/>
  <testcase classname="testCases.ForgetPasswordResetPasswordTest" name="ForgetPasswordEmptyConfirmNewPassword" time="0.454"/>
  <testcase classname="testCases.ForgetPasswordResetPasswordTest" name="ForgetPasswordNotMatchConfirmNewPassword" time="1.053"/>
  <testcase classname="testCases.ForgetPasswordResetPasswordTest" name="ForgetPasswordHappyScinario" time="1.375"/>
  <testcase classname="testCases.TestBase" name="@BeforeSuite StartDriver" time="0.0">
    <ignored/>
  </testcase> <!-- @BeforeSuite StartDriver -->
  <testcase classname="testCases.TestBase" name="@BeforeSuite StartDriver" time="0.0">
    <ignored/>
  </testcase> <!-- @BeforeSuite StartDriver -->
  <testcase classname="testCases.TestBase" name="@BeforeSuite StartDriver" time="0.0">
    <ignored/>
  </testcase> <!-- @BeforeSuite StartDriver -->
  <testcase classname="testCases.TestBase" name="@BeforeSuite StartDriver" time="0.0">
    <ignored/>
  </testcase> <!-- @BeforeSuite StartDriver -->
  <testcase classname="testCases.TestBase" name="@BeforeSuite StartDriver" time="0.0">
    <ignored/>
  </testcase> <!-- @BeforeSuite StartDriver -->
  <testcase classname="testCases.TestBase" name="@BeforeSuite StartDriver" time="0.0">
    <ignored/>
  </testcase> <!-- @BeforeSuite StartDriver -->
  <testcase classname="testCases.TestBase" name="@BeforeSuite StartDriver" time="0.0">
    <ignored/>
  </testcase> <!-- @BeforeSuite StartDriver -->
</testsuite> <!-- Smoke Test -->
